<?xml version="1.0" encoding="UTF-8"?>
<!-- Generated by org.testng.reporters.JUnitReportReporter -->
<testsuite hostname="DESKTOP-RMDCP2H" failures="0" tests="1" name="com.runners.LoginRunnerTest" time="15.989" errors="0" timestamp="2023-10-22T16:44:13 IST" skipped="0">
  <testcase classname="com.runners.LoginRunnerTest" name="runScenario" time="15.989"/>
</testsuite> <!-- com.runners.LoginRunnerTest -->
