<?xml version="1.0" encoding="UTF-8"?>
<!-- Generated by org.testng.reporters.JUnitReportReporter -->
<testsuite hostname="DESKTOP-RMDCP2H" failures="0" tests="1" name="com.runners.NewsRunnerTest" time="16.578" errors="0" timestamp="2023-10-22T16:50:59 IST" skipped="0">
  <testcase classname="com.runners.NewsRunnerTest" name="runScenario" time="16.578"/>
</testsuite> <!-- com.runners.NewsRunnerTest -->
